This file contains any messages produced by compilers while
running configure, to aid debugging if configure makes a mistake.

It was created by snappy configure 1.1.2, which was
generated by GNU Autoconf 2.69.  Invocation command line was

  $ ./configure --no-create --no-recursion

## --------- ##
## Platform. ##
## --------- ##

hostname = antman
uname -m = x86_64
uname -r = 4.8.0-52-generic
uname -s = Linux
uname -v = #55~16.04.1-Ubuntu SMP Fri Apr 28 14:36:29 UTC 2017

/usr/bin/uname -p = unknown
/bin/uname -X     = unknown

/bin/arch              = unknown
/usr/bin/arch -k       = unknown
/usr/convex/getsysinfo = unknown
/usr/bin/hostinfo      = unknown
/bin/machine           = unknown
/usr/bin/oslevel       = unknown
/bin/universe          = unknown

PATH: /home/scho29/bin
PATH: /home/scho29/.local/bin
PATH: /usr/local/sbin
PATH: /usr/local/bin
PATH: /usr/sbin
PATH: /usr/bin
PATH: /sbin
PATH: /bin
PATH: /usr/games
PATH: /usr/local/games
PATH: /snap/bin


## ----------- ##
## Core tests. ##
## ----------- ##

configure:2605: checking for a BSD-compatible install
configure:2673: result: /usr/bin/install -c
configure:2684: checking whether build environment is sane
configure:2734: result: yes
configure:2875: checking for a thread-safe mkdir -p
configure:2914: result: /bin/mkdir -p
configure:2927: checking for gawk
configure:2943: found /usr/bin/gawk
configure:2954: result: gawk
configure:2965: checking whether make sets $(MAKE)
configure:2987: result: yes
configure:3097: checking build system type
configure:3111: result: x86_64-unknown-linux-gnu
configure:3131: checking host system type
configure:3144: result: x86_64-unknown-linux-gnu
configure:3185: checking how to print strings
configure:3212: result: printf
configure:3245: checking for style of include used by make
configure:3273: result: GNU
configure:3344: checking for gcc
configure:3360: found /usr/bin/gcc
configure:3371: result: gcc
configure:3600: checking for C compiler version
configure:3609: gcc --version >&5
gcc (Ubuntu 5.4.0-6ubuntu1~16.04.4) 5.4.0 20160609
Copyright (C) 2015 Free Software Foundation, Inc.
This is free software; see the source for copying conditions.  There is NO
warranty; not even for MERCHANTABILITY or FITNESS FOR A PARTICULAR PURPOSE.

configure:3620: $? = 0
configure:3609: gcc -v >&5
Using built-in specs.
COLLECT_GCC=gcc
COLLECT_LTO_WRAPPER=/usr/lib/gcc/x86_64-linux-gnu/5/lto-wrapper
Target: x86_64-linux-gnu
Configured with: ../src/configure -v --with-pkgversion='Ubuntu 5.4.0-6ubuntu1~16.04.4' --with-bugurl=file:///usr/share/doc/gcc-5/README.Bugs --enable-languages=c,ada,c++,java,go,d,fortran,objc,obj-c++ --prefix=/usr --program-suffix=-5 --enable-shared --enable-linker-build-id --libexecdir=/usr/lib --without-included-gettext --enable-threads=posix --libdir=/usr/lib --enable-nls --with-sysroot=/ --enable-clocale=gnu --enable-libstdcxx-debug --enable-libstdcxx-time=yes --with-default-libstdcxx-abi=new --enable-gnu-unique-object --disable-vtable-verify --enable-libmpx --enable-plugin --with-system-zlib --disable-browser-plugin --enable-java-awt=gtk --enable-gtk-cairo --with-java-home=/usr/lib/jvm/java-1.5.0-gcj-5-amd64/jre --enable-java-home --with-jvm-root-dir=/usr/lib/jvm/java-1.5.0-gcj-5-amd64 --with-jvm-jar-dir=/usr/lib/jvm-exports/java-1.5.0-gcj-5-amd64 --with-arch-directory=amd64 --with-ecj-jar=/usr/share/java/eclipse-ecj.jar --enable-objc-gc --enable-multiarch --disable-werror --with-arch-32=i686 --with-abi=m64 --with-multilib-list=m32,m64,mx32 --enable-multilib --with-tune=generic --enable-checking=release --build=x86_64-linux-gnu --host=x86_64-linux-gnu --target=x86_64-linux-gnu
Thread model: posix
gcc version 5.4.0 20160609 (Ubuntu 5.4.0-6ubuntu1~16.04.4) 
configure:3620: $? = 0
configure:3609: gcc -V >&5
gcc: error: unrecognized command line option '-V'
gcc: fatal error: no input files
compilation terminated.
configure:3620: $? = 1
configure:3609: gcc -qversion >&5
gcc: error: unrecognized command line option '-qversion'
gcc: fatal error: no input files
compilation terminated.
configure:3620: $? = 1
configure:3640: checking whether the C compiler works
configure:3662: gcc    conftest.c  >&5
configure:3666: $? = 0
configure:3714: result: yes
configure:3717: checking for C compiler default output file name
configure:3719: result: a.out
configure:3725: checking for suffix of executables
configure:3732: gcc -o conftest    conftest.c  >&5
configure:3736: $? = 0
configure:3758: result: 
configure:3780: checking whether we are cross compiling
configure:3788: gcc -o conftest    conftest.c  >&5
configure:3792: $? = 0
configure:3799: ./conftest
configure:3803: $? = 0
configure:3818: result: no
configure:3823: checking for suffix of object files
configure:3845: gcc -c   conftest.c >&5
configure:3849: $? = 0
configure:3870: result: o
configure:3874: checking whether we are using the GNU C compiler
configure:3893: gcc -c   conftest.c >&5
configure:3893: $? = 0
configure:3902: result: yes
configure:3911: checking whether gcc accepts -g
configure:3931: gcc -c -g  conftest.c >&5
configure:3931: $? = 0
configure:3972: result: yes
configure:3989: checking for gcc option to accept ISO C89
configure:4052: gcc  -c -g -O2  conftest.c >&5
configure:4052: $? = 0
configure:4065: result: none needed
configure:4087: checking dependency style of gcc
configure:4198: result: gcc3
configure:4213: checking for a sed that does not truncate output
configure:4277: result: /bin/sed
configure:4295: checking for grep that handles long lines and -e
configure:4353: result: /bin/grep
configure:4358: checking for egrep
configure:4420: result: /bin/grep -E
configure:4425: checking for fgrep
configure:4487: result: /bin/grep -F
configure:4522: checking for ld used by gcc
configure:4589: result: /usr/bin/ld
configure:4596: checking if the linker (/usr/bin/ld) is GNU ld
configure:4611: result: yes
configure:4623: checking for BSD- or MS-compatible name lister (nm)
configure:4672: result: /usr/bin/nm -B
configure:4802: checking the name lister (/usr/bin/nm -B) interface
configure:4809: gcc -c -g -O2  conftest.c >&5
configure:4812: /usr/bin/nm -B "conftest.o"
configure:4815: output
0000000000000000 B some_variable
configure:4822: result: BSD nm
configure:4825: checking whether ln -s works
configure:4829: result: yes
configure:4837: checking the maximum length of command line arguments
configure:4967: result: 1572864
configure:4984: checking whether the shell understands some XSI constructs
configure:4994: result: yes
configure:4998: checking whether the shell understands "+="
configure:5004: result: yes
configure:5039: checking how to convert x86_64-unknown-linux-gnu file names to x86_64-unknown-linux-gnu format
configure:5079: result: func_convert_file_noop
configure:5086: checking how to convert x86_64-unknown-linux-gnu file names to toolchain format
configure:5106: result: func_convert_file_noop
configure:5113: checking for /usr/bin/ld option to reload object files
configure:5120: result: -r
configure:5194: checking for objdump
configure:5210: found /usr/bin/objdump
configure:5221: result: objdump
configure:5253: checking how to recognize dependent libraries
configure:5455: result: pass_all
configure:5540: checking for dlltool
configure:5570: result: no
configure:5600: checking how to associate runtime and link libraries
configure:5627: result: printf %s\n
configure:5688: checking for ar
configure:5704: found /usr/bin/ar
configure:5715: result: ar
configure:5752: checking for archiver @FILE support
configure:5769: gcc -c -g -O2  conftest.c >&5
configure:5769: $? = 0
configure:5772: ar cru libconftest.a @conftest.lst >&5
ar: `u' modifier ignored since `D' is the default (see `U')
configure:5775: $? = 0
configure:5780: ar cru libconftest.a @conftest.lst >&5
ar: `u' modifier ignored since `D' is the default (see `U')
ar: conftest.o: No such file or directory
configure:5783: $? = 1
configure:5795: result: @
configure:5853: checking for strip
configure:5869: found /usr/bin/strip
configure:5880: result: strip
configure:5952: checking for ranlib
configure:5968: found /usr/bin/ranlib
configure:5979: result: ranlib
configure:6081: checking command to parse /usr/bin/nm -B output from gcc object
configure:6201: gcc -c -g -O2  conftest.c >&5
configure:6204: $? = 0
configure:6208: /usr/bin/nm -B conftest.o \| sed -n -e 's/^.*[ ]\([ABCDGIRSTW][ABCDGIRSTW]*\)[ ][ ]*\([_A-Za-z][_A-Za-z0-9]*\)$/\1 \2 \2/p' | sed '/ __gnu_lto/d' \> conftest.nm
configure:6211: $? = 0
configure:6277: gcc -o conftest -g -O2   conftest.c conftstm.o >&5
configure:6280: $? = 0
configure:6318: result: ok
configure:6355: checking for sysroot
configure:6385: result: no
configure:6462: gcc -c -g -O2  conftest.c >&5
configure:6465: $? = 0
configure:6641: checking for mt
configure:6657: found /bin/mt
configure:6668: result: mt
configure:6691: checking if mt is a manifest tool
configure:6697: mt '-?'
configure:6705: result: no
configure:7347: checking how to run the C preprocessor
configure:7378: gcc -E  conftest.c
configure:7378: $? = 0
configure:7392: gcc -E  conftest.c
conftest.c:11:28: fatal error: ac_nonexistent.h: No such file or directory
compilation terminated.
configure:7392: $? = 1
configure: failed program was:
| /* confdefs.h */
| #define PACKAGE_NAME "snappy"
| #define PACKAGE_TARNAME "snappy"
| #define PACKAGE_VERSION "1.1.2"
| #define PACKAGE_STRING "snappy 1.1.2"
| #define PACKAGE_BUGREPORT ""
| #define PACKAGE_URL ""
| #define PACKAGE "snappy"
| #define VERSION "1.1.2"
| /* end confdefs.h.  */
| #include <ac_nonexistent.h>
configure:7417: result: gcc -E
configure:7437: gcc -E  conftest.c
configure:7437: $? = 0
configure:7451: gcc -E  conftest.c
conftest.c:11:28: fatal error: ac_nonexistent.h: No such file or directory
compilation terminated.
configure:7451: $? = 1
configure: failed program was:
| /* confdefs.h */
| #define PACKAGE_NAME "snappy"
| #define PACKAGE_TARNAME "snappy"
| #define PACKAGE_VERSION "1.1.2"
| #define PACKAGE_STRING "snappy 1.1.2"
| #define PACKAGE_BUGREPORT ""
| #define PACKAGE_URL ""
| #define PACKAGE "snappy"
| #define VERSION "1.1.2"
| /* end confdefs.h.  */
| #include <ac_nonexistent.h>
configure:7480: checking for ANSI C header files
configure:7500: gcc -c -g -O2  conftest.c >&5
configure:7500: $? = 0
configure:7573: gcc -o conftest -g -O2   conftest.c  >&5
configure:7573: $? = 0
configure:7573: ./conftest
configure:7573: $? = 0
configure:7584: result: yes
configure:7597: checking for sys/types.h
configure:7597: gcc -c -g -O2  conftest.c >&5
configure:7597: $? = 0
configure:7597: result: yes
configure:7597: checking for sys/stat.h
configure:7597: gcc -c -g -O2  conftest.c >&5
configure:7597: $? = 0
configure:7597: result: yes
configure:7597: checking for stdlib.h
configure:7597: gcc -c -g -O2  conftest.c >&5
configure:7597: $? = 0
configure:7597: result: yes
configure:7597: checking for string.h
configure:7597: gcc -c -g -O2  conftest.c >&5
configure:7597: $? = 0
configure:7597: result: yes
configure:7597: checking for memory.h
configure:7597: gcc -c -g -O2  conftest.c >&5
configure:7597: $? = 0
configure:7597: result: yes
configure:7597: checking for strings.h
configure:7597: gcc -c -g -O2  conftest.c >&5
configure:7597: $? = 0
configure:7597: result: yes
configure:7597: checking for inttypes.h
configure:7597: gcc -c -g -O2  conftest.c >&5
configure:7597: $? = 0
configure:7597: result: yes
configure:7597: checking for stdint.h
configure:7597: gcc -c -g -O2  conftest.c >&5
configure:7597: $? = 0
configure:7597: result: yes
configure:7597: checking for unistd.h
configure:7597: gcc -c -g -O2  conftest.c >&5
configure:7597: $? = 0
configure:7597: result: yes
configure:7611: checking for dlfcn.h
configure:7611: gcc -c -g -O2  conftest.c >&5
configure:7611: $? = 0
configure:7611: result: yes
configure:7817: checking for objdir
configure:7832: result: .libs
configure:8099: checking if gcc supports -fno-rtti -fno-exceptions
configure:8117: gcc -c -g -O2  -fno-rtti -fno-exceptions conftest.c >&5
cc1: warning: command line option '-fno-rtti' is valid for C++/ObjC++ but not for C
configure:8121: $? = 0
configure:8134: result: no
configure:8461: checking for gcc option to produce PIC
configure:8468: result: -fPIC -DPIC
configure:8476: checking if gcc PIC flag -fPIC -DPIC works
configure:8494: gcc -c -g -O2  -fPIC -DPIC -DPIC conftest.c >&5
configure:8498: $? = 0
configure:8511: result: yes
configure:8540: checking if gcc static flag -static works
configure:8568: result: yes
configure:8583: checking if gcc supports -c -o file.o
configure:8604: gcc -c -g -O2  -o out/conftest2.o conftest.c >&5
configure:8608: $? = 0
configure:8630: result: yes
configure:8638: checking if gcc supports -c -o file.o
configure:8685: result: yes
configure:8718: checking whether the gcc linker (/usr/bin/ld -m elf_x86_64) supports shared libraries
configure:9875: result: yes
configure:9912: checking whether -lc should be explicitly linked in
configure:9920: gcc -c -g -O2  conftest.c >&5
configure:9923: $? = 0
configure:9938: gcc -shared  -fPIC -DPIC conftest.o  -v -Wl,-soname -Wl,conftest -o conftest 2\>\&1 \| /bin/grep  -lc  \>/dev/null 2\>\&1
configure:9941: $? = 0
configure:9955: result: no
configure:10115: checking dynamic linker characteristics
configure:10626: gcc -o conftest -g -O2   -Wl,-rpath -Wl,/foo conftest.c  >&5
configure:10626: $? = 0
configure:10860: result: GNU/Linux ld.so
configure:10967: checking how to hardcode library paths into programs
configure:10992: result: immediate
configure:11532: checking whether stripping libraries is possible
configure:11537: result: yes
configure:11572: checking if libtool supports shared libraries
configure:11574: result: yes
configure:11577: checking whether to build shared libraries
configure:11598: result: yes
configure:11601: checking whether to build static libraries
configure:11605: result: yes
configure:11701: checking for g++
configure:11717: found /usr/bin/g++
configure:11728: result: g++
configure:11755: checking for C++ compiler version
configure:11764: g++ --version >&5
g++ (Ubuntu 5.4.0-6ubuntu1~16.04.4) 5.4.0 20160609
Copyright (C) 2015 Free Software Foundation, Inc.
This is free software; see the source for copying conditions.  There is NO
warranty; not even for MERCHANTABILITY or FITNESS FOR A PARTICULAR PURPOSE.

configure:11775: $? = 0
configure:11764: g++ -v >&5
Using built-in specs.
COLLECT_GCC=g++
COLLECT_LTO_WRAPPER=/usr/lib/gcc/x86_64-linux-gnu/5/lto-wrapper
Target: x86_64-linux-gnu
Configured with: ../src/configure -v --with-pkgversion='Ubuntu 5.4.0-6ubuntu1~16.04.4' --with-bugurl=file:///usr/share/doc/gcc-5/README.Bugs --enable-languages=c,ada,c++,java,go,d,fortran,objc,obj-c++ --prefix=/usr --program-suffix=-5 --enable-shared --enable-linker-build-id --libexecdir=/usr/lib --without-included-gettext --enable-threads=posix --libdir=/usr/lib --enable-nls --with-sysroot=/ --enable-clocale=gnu --enable-libstdcxx-debug --enable-libstdcxx-time=yes --with-default-libstdcxx-abi=new --enable-gnu-unique-object --disable-vtable-verify --enable-libmpx --enable-plugin --with-system-zlib --disable-browser-plugin --enable-java-awt=gtk --enable-gtk-cairo --with-java-home=/usr/lib/jvm/java-1.5.0-gcj-5-amd64/jre --enable-java-home --with-jvm-root-dir=/usr/lib/jvm/java-1.5.0-gcj-5-amd64 --with-jvm-jar-dir=/usr/lib/jvm-exports/java-1.5.0-gcj-5-amd64 --with-arch-directory=amd64 --with-ecj-jar=/usr/share/java/eclipse-ecj.jar --enable-objc-gc --enable-multiarch --disable-werror --with-arch-32=i686 --with-abi=m64 --with-multilib-list=m32,m64,mx32 --enable-multilib --with-tune=generic --enable-checking=release --build=x86_64-linux-gnu --host=x86_64-linux-gnu --target=x86_64-linux-gnu
Thread model: posix
gcc version 5.4.0 20160609 (Ubuntu 5.4.0-6ubuntu1~16.04.4) 
configure:11775: $? = 0
configure:11764: g++ -V >&5
g++: error: unrecognized command line option '-V'
g++: fatal error: no input files
compilation terminated.
configure:11775: $? = 1
configure:11764: g++ -qversion >&5
g++: error: unrecognized command line option '-qversion'
g++: fatal error: no input files
compilation terminated.
configure:11775: $? = 1
configure:11779: checking whether we are using the GNU C++ compiler
configure:11798: g++ -c   conftest.cpp >&5
configure:11798: $? = 0
configure:11807: result: yes
configure:11816: checking whether g++ accepts -g
configure:11836: g++ -c -g  conftest.cpp >&5
configure:11836: $? = 0
configure:11877: result: yes
configure:11902: checking dependency style of g++
configure:12013: result: gcc3
configure:12046: checking how to run the C++ preprocessor
configure:12073: g++ -E  conftest.cpp
configure:12073: $? = 0
configure:12087: g++ -E  conftest.cpp
conftest.cpp:23:28: fatal error: ac_nonexistent.h: No such file or directory
compilation terminated.
configure:12087: $? = 1
configure: failed program was:
| /* confdefs.h */
| #define PACKAGE_NAME "snappy"
| #define PACKAGE_TARNAME "snappy"
| #define PACKAGE_VERSION "1.1.2"
| #define PACKAGE_STRING "snappy 1.1.2"
| #define PACKAGE_BUGREPORT ""
| #define PACKAGE_URL ""
| #define PACKAGE "snappy"
| #define VERSION "1.1.2"
| #define STDC_HEADERS 1
| #define HAVE_SYS_TYPES_H 1
| #define HAVE_SYS_STAT_H 1
| #define HAVE_STDLIB_H 1
| #define HAVE_STRING_H 1
| #define HAVE_MEMORY_H 1
| #define HAVE_STRINGS_H 1
| #define HAVE_INTTYPES_H 1
| #define HAVE_STDINT_H 1
| #define HAVE_UNISTD_H 1
| #define HAVE_DLFCN_H 1
| #define LT_OBJDIR ".libs/"
| /* end confdefs.h.  */
| #include <ac_nonexistent.h>
configure:12112: result: g++ -E
configure:12132: g++ -E  conftest.cpp
configure:12132: $? = 0
configure:12146: g++ -E  conftest.cpp
conftest.cpp:23:28: fatal error: ac_nonexistent.h: No such file or directory
compilation terminated.
configure:12146: $? = 1
configure: failed program was:
| /* confdefs.h */
| #define PACKAGE_NAME "snappy"
| #define PACKAGE_TARNAME "snappy"
| #define PACKAGE_VERSION "1.1.2"
| #define PACKAGE_STRING "snappy 1.1.2"
| #define PACKAGE_BUGREPORT ""
| #define PACKAGE_URL ""
| #define PACKAGE "snappy"
| #define VERSION "1.1.2"
| #define STDC_HEADERS 1
| #define HAVE_SYS_TYPES_H 1
| #define HAVE_SYS_STAT_H 1
| #define HAVE_STDLIB_H 1
| #define HAVE_STRING_H 1
| #define HAVE_MEMORY_H 1
| #define HAVE_STRINGS_H 1
| #define HAVE_INTTYPES_H 1
| #define HAVE_STDINT_H 1
| #define HAVE_UNISTD_H 1
| #define HAVE_DLFCN_H 1
| #define LT_OBJDIR ".libs/"
| /* end confdefs.h.  */
| #include <ac_nonexistent.h>
configure:12315: checking for ld used by g++
configure:12382: result: /usr/bin/ld -m elf_x86_64
configure:12389: checking if the linker (/usr/bin/ld -m elf_x86_64) is GNU ld
configure:12404: result: yes
configure:12459: checking whether the g++ linker (/usr/bin/ld -m elf_x86_64) supports shared libraries
configure:13464: result: yes
configure:13500: g++ -c -g -O2  conftest.cpp >&5
configure:13503: $? = 0
configure:14023: checking for g++ option to produce PIC
configure:14030: result: -fPIC -DPIC
configure:14038: checking if g++ PIC flag -fPIC -DPIC works
configure:14056: g++ -c -g -O2  -fPIC -DPIC -DPIC conftest.cpp >&5
configure:14060: $? = 0
configure:14073: result: yes
configure:14096: checking if g++ static flag -static works
configure:14124: result: yes
configure:14136: checking if g++ supports -c -o file.o
configure:14157: g++ -c -g -O2  -o out/conftest2.o conftest.cpp >&5
configure:14161: $? = 0
configure:14183: result: yes
configure:14188: checking if g++ supports -c -o file.o
configure:14235: result: yes
configure:14265: checking whether the g++ linker (/usr/bin/ld -m elf_x86_64) supports shared libraries
configure:14304: result: yes
configure:14445: checking dynamic linker characteristics
configure:15124: result: GNU/Linux ld.so
configure:15177: checking how to hardcode library paths into programs
configure:15202: result: immediate
configure:15248: checking whether byte ordering is bigendian
configure:15263: g++ -c -g -O2  conftest.cpp >&5
conftest.cpp:24:9: error: expected unqualified-id before 'not' token
         not a universal capable compiler
         ^
configure:15263: $? = 1
configure: failed program was:
| /* confdefs.h */
| #define PACKAGE_NAME "snappy"
| #define PACKAGE_TARNAME "snappy"
| #define PACKAGE_VERSION "1.1.2"
| #define PACKAGE_STRING "snappy 1.1.2"
| #define PACKAGE_BUGREPORT ""
| #define PACKAGE_URL ""
| #define PACKAGE "snappy"
| #define VERSION "1.1.2"
| #define STDC_HEADERS 1
| #define HAVE_SYS_TYPES_H 1
| #define HAVE_SYS_STAT_H 1
| #define HAVE_STDLIB_H 1
| #define HAVE_STRING_H 1
| #define HAVE_MEMORY_H 1
| #define HAVE_STRINGS_H 1
| #define HAVE_INTTYPES_H 1
| #define HAVE_STDINT_H 1
| #define HAVE_UNISTD_H 1
| #define HAVE_DLFCN_H 1
| #define LT_OBJDIR ".libs/"
| /* end confdefs.h.  */
| #ifndef __APPLE_CC__
| 	       not a universal capable compiler
| 	     #endif
| 	     typedef int dummy;
| 
configure:15308: g++ -c -g -O2  conftest.cpp >&5
configure:15308: $? = 0
configure:15326: g++ -c -g -O2  conftest.cpp >&5
conftest.cpp: In function 'int main()':
conftest.cpp:30:8: error: 'big' was not declared in this scope
    not big endian
        ^
configure:15326: $? = 1
configure: failed program was:
| /* confdefs.h */
| #define PACKAGE_NAME "snappy"
| #define PACKAGE_TARNAME "snappy"
| #define PACKAGE_VERSION "1.1.2"
| #define PACKAGE_STRING "snappy 1.1.2"
| #define PACKAGE_BUGREPORT ""
| #define PACKAGE_URL ""
| #define PACKAGE "snappy"
| #define VERSION "1.1.2"
| #define STDC_HEADERS 1
| #define HAVE_SYS_TYPES_H 1
| #define HAVE_SYS_STAT_H 1
| #define HAVE_STDLIB_H 1
| #define HAVE_STRING_H 1
| #define HAVE_MEMORY_H 1
| #define HAVE_STRINGS_H 1
| #define HAVE_INTTYPES_H 1
| #define HAVE_STDINT_H 1
| #define HAVE_UNISTD_H 1
| #define HAVE_DLFCN_H 1
| #define LT_OBJDIR ".libs/"
| /* end confdefs.h.  */
| #include <sys/types.h>
| 		#include <sys/param.h>
| 
| int
| main ()
| {
| #if BYTE_ORDER != BIG_ENDIAN
| 		 not big endian
| 		#endif
| 
|   ;
|   return 0;
| }
configure:15454: result: no
configure:15472: checking for size_t
configure:15472: g++ -c -g -O2  conftest.cpp >&5
configure:15472: $? = 0
configure:15472: g++ -c -g -O2  conftest.cpp >&5
conftest.cpp: In function 'int main()':
conftest.cpp:59:20: error: expected primary-expression before ')' token
 if (sizeof ((size_t)))
                    ^
configure:15472: $? = 1
configure: failed program was:
| /* confdefs.h */
| #define PACKAGE_NAME "snappy"
| #define PACKAGE_TARNAME "snappy"
| #define PACKAGE_VERSION "1.1.2"
| #define PACKAGE_STRING "snappy 1.1.2"
| #define PACKAGE_BUGREPORT ""
| #define PACKAGE_URL ""
| #define PACKAGE "snappy"
| #define VERSION "1.1.2"
| #define STDC_HEADERS 1
| #define HAVE_SYS_TYPES_H 1
| #define HAVE_SYS_STAT_H 1
| #define HAVE_STDLIB_H 1
| #define HAVE_STRING_H 1
| #define HAVE_MEMORY_H 1
| #define HAVE_STRINGS_H 1
| #define HAVE_INTTYPES_H 1
| #define HAVE_STDINT_H 1
| #define HAVE_UNISTD_H 1
| #define HAVE_DLFCN_H 1
| #define LT_OBJDIR ".libs/"
| /* end confdefs.h.  */
| #include <stdio.h>
| #ifdef HAVE_SYS_TYPES_H
| # include <sys/types.h>
| #endif
| #ifdef HAVE_SYS_STAT_H
| # include <sys/stat.h>
| #endif
| #ifdef STDC_HEADERS
| # include <stdlib.h>
| # include <stddef.h>
| #else
| # ifdef HAVE_STDLIB_H
| #  include <stdlib.h>
| # endif
| #endif
| #ifdef HAVE_STRING_H
| # if !defined STDC_HEADERS && defined HAVE_MEMORY_H
| #  include <memory.h>
| # endif
| # include <string.h>
| #endif
| #ifdef HAVE_STRINGS_H
| # include <strings.h>
| #endif
| #ifdef HAVE_INTTYPES_H
| # include <inttypes.h>
| #endif
| #ifdef HAVE_STDINT_H
| # include <stdint.h>
| #endif
| #ifdef HAVE_UNISTD_H
| # include <unistd.h>
| #endif
| int
| main ()
| {
| if (sizeof ((size_t)))
| 	    return 0;
|   ;
|   return 0;
| }
configure:15472: result: yes
configure:15483: checking for ssize_t
configure:15483: g++ -c -g -O2  conftest.cpp >&5
configure:15483: $? = 0
configure:15483: g++ -c -g -O2  conftest.cpp >&5
conftest.cpp: In function 'int main()':
conftest.cpp:59:21: error: expected primary-expression before ')' token
 if (sizeof ((ssize_t)))
                     ^
configure:15483: $? = 1
configure: failed program was:
| /* confdefs.h */
| #define PACKAGE_NAME "snappy"
| #define PACKAGE_TARNAME "snappy"
| #define PACKAGE_VERSION "1.1.2"
| #define PACKAGE_STRING "snappy 1.1.2"
| #define PACKAGE_BUGREPORT ""
| #define PACKAGE_URL ""
| #define PACKAGE "snappy"
| #define VERSION "1.1.2"
| #define STDC_HEADERS 1
| #define HAVE_SYS_TYPES_H 1
| #define HAVE_SYS_STAT_H 1
| #define HAVE_STDLIB_H 1
| #define HAVE_STRING_H 1
| #define HAVE_MEMORY_H 1
| #define HAVE_STRINGS_H 1
| #define HAVE_INTTYPES_H 1
| #define HAVE_STDINT_H 1
| #define HAVE_UNISTD_H 1
| #define HAVE_DLFCN_H 1
| #define LT_OBJDIR ".libs/"
| /* end confdefs.h.  */
| #include <stdio.h>
| #ifdef HAVE_SYS_TYPES_H
| # include <sys/types.h>
| #endif
| #ifdef HAVE_SYS_STAT_H
| # include <sys/stat.h>
| #endif
| #ifdef STDC_HEADERS
| # include <stdlib.h>
| # include <stddef.h>
| #else
| # ifdef HAVE_STDLIB_H
| #  include <stdlib.h>
| # endif
| #endif
| #ifdef HAVE_STRING_H
| # if !defined STDC_HEADERS && defined HAVE_MEMORY_H
| #  include <memory.h>
| # endif
| # include <string.h>
| #endif
| #ifdef HAVE_STRINGS_H
| # include <strings.h>
| #endif
| #ifdef HAVE_INTTYPES_H
| # include <inttypes.h>
| #endif
| #ifdef HAVE_STDINT_H
| # include <stdint.h>
| #endif
| #ifdef HAVE_UNISTD_H
| # include <unistd.h>
| #endif
| int
| main ()
| {
| if (sizeof ((ssize_t)))
| 	    return 0;
|   ;
|   return 0;
| }
configure:15483: result: yes
configure:15498: checking for stdint.h
configure:15498: result: yes
configure:15498: checking stddef.h usability
configure:15498: g++ -c -g -O2  conftest.cpp >&5
configure:15498: $? = 0
configure:15498: result: yes
configure:15498: checking stddef.h presence
configure:15498: g++ -E  conftest.cpp
configure:15498: $? = 0
configure:15498: result: yes
configure:15498: checking for stddef.h
configure:15498: result: yes
configure:15498: checking sys/mman.h usability
configure:15498: g++ -c -g -O2  conftest.cpp >&5
configure:15498: $? = 0
configure:15498: result: yes
configure:15498: checking sys/mman.h presence
configure:15498: g++ -E  conftest.cpp
configure:15498: $? = 0
configure:15498: result: yes
configure:15498: checking for sys/mman.h
configure:15498: result: yes
configure:15498: checking sys/resource.h usability
configure:15498: g++ -c -g -O2  conftest.cpp >&5
configure:15498: $? = 0
configure:15498: result: yes
configure:15498: checking sys/resource.h presence
configure:15498: g++ -E  conftest.cpp
configure:15498: $? = 0
configure:15498: result: yes
configure:15498: checking for sys/resource.h
configure:15498: result: yes
configure:15498: checking windows.h usability
configure:15498: g++ -c -g -O2  conftest.cpp >&5
conftest.cpp:60:21: fatal error: windows.h: No such file or directory
compilation terminated.
configure:15498: $? = 1
configure: failed program was:
| /* confdefs.h */
| #define PACKAGE_NAME "snappy"
| #define PACKAGE_TARNAME "snappy"
| #define PACKAGE_VERSION "1.1.2"
| #define PACKAGE_STRING "snappy 1.1.2"
| #define PACKAGE_BUGREPORT ""
| #define PACKAGE_URL ""
| #define PACKAGE "snappy"
| #define VERSION "1.1.2"
| #define STDC_HEADERS 1
| #define HAVE_SYS_TYPES_H 1
| #define HAVE_SYS_STAT_H 1
| #define HAVE_STDLIB_H 1
| #define HAVE_STRING_H 1
| #define HAVE_MEMORY_H 1
| #define HAVE_STRINGS_H 1
| #define HAVE_INTTYPES_H 1
| #define HAVE_STDINT_H 1
| #define HAVE_UNISTD_H 1
| #define HAVE_DLFCN_H 1
| #define LT_OBJDIR ".libs/"
| #define HAVE_STDINT_H 1
| #define HAVE_STDDEF_H 1
| #define HAVE_SYS_MMAN_H 1
| #define HAVE_SYS_RESOURCE_H 1
| /* end confdefs.h.  */
| #include <stdio.h>
| #ifdef HAVE_SYS_TYPES_H
| # include <sys/types.h>
| #endif
| #ifdef HAVE_SYS_STAT_H
| # include <sys/stat.h>
| #endif
| #ifdef STDC_HEADERS
| # include <stdlib.h>
| # include <stddef.h>
| #else
| # ifdef HAVE_STDLIB_H
| #  include <stdlib.h>
| # endif
| #endif
| #ifdef HAVE_STRING_H
| # if !defined STDC_HEADERS && defined HAVE_MEMORY_H
| #  include <memory.h>
| # endif
| # include <string.h>
| #endif
| #ifdef HAVE_STRINGS_H
| # include <strings.h>
| #endif
| #ifdef HAVE_INTTYPES_H
| # include <inttypes.h>
| #endif
| #ifdef HAVE_STDINT_H
| # include <stdint.h>
| #endif
| #ifdef HAVE_UNISTD_H
| # include <unistd.h>
| #endif
| #include <windows.h>
configure:15498: result: no
configure:15498: checking windows.h presence
configure:15498: g++ -E  conftest.cpp
conftest.cpp:27:21: fatal error: windows.h: No such file or directory
compilation terminated.
configure:15498: $? = 1
configure: failed program was:
| /* confdefs.h */
| #define PACKAGE_NAME "snappy"
| #define PACKAGE_TARNAME "snappy"
| #define PACKAGE_VERSION "1.1.2"
| #define PACKAGE_STRING "snappy 1.1.2"
| #define PACKAGE_BUGREPORT ""
| #define PACKAGE_URL ""
| #define PACKAGE "snappy"
| #define VERSION "1.1.2"
| #define STDC_HEADERS 1
| #define HAVE_SYS_TYPES_H 1
| #define HAVE_SYS_STAT_H 1
| #define HAVE_STDLIB_H 1
| #define HAVE_STRING_H 1
| #define HAVE_MEMORY_H 1
| #define HAVE_STRINGS_H 1
| #define HAVE_INTTYPES_H 1
| #define HAVE_STDINT_H 1
| #define HAVE_UNISTD_H 1
| #define HAVE_DLFCN_H 1
| #define LT_OBJDIR ".libs/"
| #define HAVE_STDINT_H 1
| #define HAVE_STDDEF_H 1
| #define HAVE_SYS_MMAN_H 1
| #define HAVE_SYS_RESOURCE_H 1
| /* end confdefs.h.  */
| #include <windows.h>
configure:15498: result: no
configure:15498: checking for windows.h
configure:15498: result: no
configure:15498: checking byteswap.h usability
configure:15498: g++ -c -g -O2  conftest.cpp >&5
configure:15498: $? = 0
configure:15498: result: yes
configure:15498: checking byteswap.h presence
configure:15498: g++ -E  conftest.cpp
configure:15498: $? = 0
configure:15498: result: yes
configure:15498: checking for byteswap.h
configure:15498: result: yes
configure:15498: checking sys/byteswap.h usability
configure:15498: g++ -c -g -O2  conftest.cpp >&5
conftest.cpp:61:26: fatal error: sys/byteswap.h: No such file or directory
compilation terminated.
configure:15498: $? = 1
configure: failed program was:
| /* confdefs.h */
| #define PACKAGE_NAME "snappy"
| #define PACKAGE_TARNAME "snappy"
| #define PACKAGE_VERSION "1.1.2"
| #define PACKAGE_STRING "snappy 1.1.2"
| #define PACKAGE_BUGREPORT ""
| #define PACKAGE_URL ""
| #define PACKAGE "snappy"
| #define VERSION "1.1.2"
| #define STDC_HEADERS 1
| #define HAVE_SYS_TYPES_H 1
| #define HAVE_SYS_STAT_H 1
| #define HAVE_STDLIB_H 1
| #define HAVE_STRING_H 1
| #define HAVE_MEMORY_H 1
| #define HAVE_STRINGS_H 1
| #define HAVE_INTTYPES_H 1
| #define HAVE_STDINT_H 1
| #define HAVE_UNISTD_H 1
| #define HAVE_DLFCN_H 1
| #define LT_OBJDIR ".libs/"
| #define HAVE_STDINT_H 1
| #define HAVE_STDDEF_H 1
| #define HAVE_SYS_MMAN_H 1
| #define HAVE_SYS_RESOURCE_H 1
| #define HAVE_BYTESWAP_H 1
| /* end confdefs.h.  */
| #include <stdio.h>
| #ifdef HAVE_SYS_TYPES_H
| # include <sys/types.h>
| #endif
| #ifdef HAVE_SYS_STAT_H
| # include <sys/stat.h>
| #endif
| #ifdef STDC_HEADERS
| # include <stdlib.h>
| # include <stddef.h>
| #else
| # ifdef HAVE_STDLIB_H
| #  include <stdlib.h>
| # endif
| #endif
| #ifdef HAVE_STRING_H
| # if !defined STDC_HEADERS && defined HAVE_MEMORY_H
| #  include <memory.h>
| # endif
| # include <string.h>
| #endif
| #ifdef HAVE_STRINGS_H
| # include <strings.h>
| #endif
| #ifdef HAVE_INTTYPES_H
| # include <inttypes.h>
| #endif
| #ifdef HAVE_STDINT_H
| # include <stdint.h>
| #endif
| #ifdef HAVE_UNISTD_H
| # include <unistd.h>
| #endif
| #include <sys/byteswap.h>
configure:15498: result: no
configure:15498: checking sys/byteswap.h presence
configure:15498: g++ -E  conftest.cpp
conftest.cpp:28:26: fatal error: sys/byteswap.h: No such file or directory
compilation terminated.
configure:15498: $? = 1
configure: failed program was:
| /* confdefs.h */
| #define PACKAGE_NAME "snappy"
| #define PACKAGE_TARNAME "snappy"
| #define PACKAGE_VERSION "1.1.2"
| #define PACKAGE_STRING "snappy 1.1.2"
| #define PACKAGE_BUGREPORT ""
| #define PACKAGE_URL ""
| #define PACKAGE "snappy"
| #define VERSION "1.1.2"
| #define STDC_HEADERS 1
| #define HAVE_SYS_TYPES_H 1
| #define HAVE_SYS_STAT_H 1
| #define HAVE_STDLIB_H 1
| #define HAVE_STRING_H 1
| #define HAVE_MEMORY_H 1
| #define HAVE_STRINGS_H 1
| #define HAVE_INTTYPES_H 1
| #define HAVE_STDINT_H 1
| #define HAVE_UNISTD_H 1
| #define HAVE_DLFCN_H 1
| #define LT_OBJDIR ".libs/"
| #define HAVE_STDINT_H 1
| #define HAVE_STDDEF_H 1
| #define HAVE_SYS_MMAN_H 1
| #define HAVE_SYS_RESOURCE_H 1
| #define HAVE_BYTESWAP_H 1
| /* end confdefs.h.  */
| #include <sys/byteswap.h>
configure:15498: result: no
configure:15498: checking for sys/byteswap.h
configure:15498: result: no
configure:15498: checking sys/endian.h usability
configure:15498: g++ -c -g -O2  conftest.cpp >&5
conftest.cpp:61:24: fatal error: sys/endian.h: No such file or directory
compilation terminated.
configure:15498: $? = 1
configure: failed program was:
| /* confdefs.h */
| #define PACKAGE_NAME "snappy"
| #define PACKAGE_TARNAME "snappy"
| #define PACKAGE_VERSION "1.1.2"
| #define PACKAGE_STRING "snappy 1.1.2"
| #define PACKAGE_BUGREPORT ""
| #define PACKAGE_URL ""
| #define PACKAGE "snappy"
| #define VERSION "1.1.2"
| #define STDC_HEADERS 1
| #define HAVE_SYS_TYPES_H 1
| #define HAVE_SYS_STAT_H 1
| #define HAVE_STDLIB_H 1
| #define HAVE_STRING_H 1
| #define HAVE_MEMORY_H 1
| #define HAVE_STRINGS_H 1
| #define HAVE_INTTYPES_H 1
| #define HAVE_STDINT_H 1
| #define HAVE_UNISTD_H 1
| #define HAVE_DLFCN_H 1
| #define LT_OBJDIR ".libs/"
| #define HAVE_STDINT_H 1
| #define HAVE_STDDEF_H 1
| #define HAVE_SYS_MMAN_H 1
| #define HAVE_SYS_RESOURCE_H 1
| #define HAVE_BYTESWAP_H 1
| /* end confdefs.h.  */
| #include <stdio.h>
| #ifdef HAVE_SYS_TYPES_H
| # include <sys/types.h>
| #endif
| #ifdef HAVE_SYS_STAT_H
| # include <sys/stat.h>
| #endif
| #ifdef STDC_HEADERS
| # include <stdlib.h>
| # include <stddef.h>
| #else
| # ifdef HAVE_STDLIB_H
| #  include <stdlib.h>
| # endif
| #endif
| #ifdef HAVE_STRING_H
| # if !defined STDC_HEADERS && defined HAVE_MEMORY_H
| #  include <memory.h>
| # endif
| # include <string.h>
| #endif
| #ifdef HAVE_STRINGS_H
| # include <strings.h>
| #endif
| #ifdef HAVE_INTTYPES_H
| # include <inttypes.h>
| #endif
| #ifdef HAVE_STDINT_H
| # include <stdint.h>
| #endif
| #ifdef HAVE_UNISTD_H
| # include <unistd.h>
| #endif
| #include <sys/endian.h>
configure:15498: result: no
configure:15498: checking sys/endian.h presence
configure:15498: g++ -E  conftest.cpp
conftest.cpp:28:24: fatal error: sys/endian.h: No such file or directory
compilation terminated.
configure:15498: $? = 1
configure: failed program was:
| /* confdefs.h */
| #define PACKAGE_NAME "snappy"
| #define PACKAGE_TARNAME "snappy"
| #define PACKAGE_VERSION "1.1.2"
| #define PACKAGE_STRING "snappy 1.1.2"
| #define PACKAGE_BUGREPORT ""
| #define PACKAGE_URL ""
| #define PACKAGE "snappy"
| #define VERSION "1.1.2"
| #define STDC_HEADERS 1
| #define HAVE_SYS_TYPES_H 1
| #define HAVE_SYS_STAT_H 1
| #define HAVE_STDLIB_H 1
| #define HAVE_STRING_H 1
| #define HAVE_MEMORY_H 1
| #define HAVE_STRINGS_H 1
| #define HAVE_INTTYPES_H 1
| #define HAVE_STDINT_H 1
| #define HAVE_UNISTD_H 1
| #define HAVE_DLFCN_H 1
| #define LT_OBJDIR ".libs/"
| #define HAVE_STDINT_H 1
| #define HAVE_STDDEF_H 1
| #define HAVE_SYS_MMAN_H 1
| #define HAVE_SYS_RESOURCE_H 1
| #define HAVE_BYTESWAP_H 1
| /* end confdefs.h.  */
| #include <sys/endian.h>
configure:15498: result: no
configure:15498: checking for sys/endian.h
configure:15498: result: no
configure:15498: checking sys/time.h usability
configure:15498: g++ -c -g -O2  conftest.cpp >&5
configure:15498: $? = 0
configure:15498: result: yes
configure:15498: checking sys/time.h presence
configure:15498: g++ -E  conftest.cpp
configure:15498: $? = 0
configure:15498: result: yes
configure:15498: checking for sys/time.h
configure:15498: result: yes
configure:15511: checking for mmap
configure:15511: g++ -o conftest -g -O2   conftest.cpp  >&5
configure:15511: $? = 0
configure:15511: result: yes
configure:15533: checking for 'gtest-config'
configure:15554: checking for gtest-config
configure:15587: result: no
configure:15608: result: no
configure:15707: checking for pkg-config
configure:15725: found /usr/bin/pkg-config
configure:15737: result: /usr/bin/pkg-config
configure:15762: checking pkg-config is at least version 0.9.0
configure:15765: result: yes
configure:15775: checking for gflags
configure:15782: $PKG_CONFIG --exists --print-errors "libgflags"
Package libgflags was not found in the pkg-config search path.
Perhaps you should add the directory containing `libgflags.pc'
to the PKG_CONFIG_PATH environment variable
No package 'libgflags' found
configure:15785: $? = 1
configure:15799: $PKG_CONFIG --exists --print-errors "libgflags"
Package libgflags was not found in the pkg-config search path.
Perhaps you should add the directory containing `libgflags.pc'
to the PKG_CONFIG_PATH environment variable
No package 'libgflags' found
configure:15802: $? = 1
configure:15816: result: no
No package 'libgflags' found
configure:15860: checking if the compiler supports __builtin_expect
configure:15876: g++ -c -g -O2  conftest.cpp >&5
configure:15876: $? = 0
configure:15879: result: yes
configure:15898: checking if the compiler supports __builtin_ctzll
configure:15914: g++ -c -g -O2  conftest.cpp >&5
configure:15914: $? = 0
configure:15917: result: yes
configure:15940: checking for zlibVersion in -lz
configure:15965: g++ -o conftest -g -O2   conftest.cpp -lz   >&5
configure:15965: $? = 0
configure:15974: result: yes
configure:15992: checking for lzo1x_1_15_compress in -llzo2
configure:16017: g++ -o conftest -g -O2   conftest.cpp -llzo2   >&5
/usr/bin/ld: cannot find -llzo2
collect2: error: ld returned 1 exit status
configure:16017: $? = 1
configure: failed program was:
| /* confdefs.h */
| #define PACKAGE_NAME "snappy"
| #define PACKAGE_TARNAME "snappy"
| #define PACKAGE_VERSION "1.1.2"
| #define PACKAGE_STRING "snappy 1.1.2"
| #define PACKAGE_BUGREPORT ""
| #define PACKAGE_URL ""
| #define PACKAGE "snappy"
| #define VERSION "1.1.2"
| #define STDC_HEADERS 1
| #define HAVE_SYS_TYPES_H 1
| #define HAVE_SYS_STAT_H 1
| #define HAVE_STDLIB_H 1
| #define HAVE_STRING_H 1
| #define HAVE_MEMORY_H 1
| #define HAVE_STRINGS_H 1
| #define HAVE_INTTYPES_H 1
| #define HAVE_STDINT_H 1
| #define HAVE_UNISTD_H 1
| #define HAVE_DLFCN_H 1
| #define LT_OBJDIR ".libs/"
| #define HAVE_STDINT_H 1
| #define HAVE_STDDEF_H 1
| #define HAVE_SYS_MMAN_H 1
| #define HAVE_SYS_RESOURCE_H 1
| #define HAVE_BYTESWAP_H 1
| #define HAVE_SYS_TIME_H 1
| #define HAVE_BUILTIN_EXPECT 1
| #define HAVE_BUILTIN_CTZ 1
| #define HAVE_LIBZ 1
| /* end confdefs.h.  */
| 
| /* Override any GCC internal prototype to avoid an error.
|    Use char because int might match the return type of a GCC
|    builtin and then its argument prototype would still apply.  */
| #ifdef __cplusplus
| extern "C"
| #endif
| char lzo1x_1_15_compress ();
| int
| main ()
| {
| return lzo1x_1_15_compress ();
|   ;
|   return 0;
| }
configure:16026: result: no
configure:16044: checking for lzf_compress in -llzf
configure:16069: g++ -o conftest -g -O2   conftest.cpp -llzf   >&5
/usr/bin/ld: cannot find -llzf
collect2: error: ld returned 1 exit status
configure:16069: $? = 1
configure: failed program was:
| /* confdefs.h */
| #define PACKAGE_NAME "snappy"
| #define PACKAGE_TARNAME "snappy"
| #define PACKAGE_VERSION "1.1.2"
| #define PACKAGE_STRING "snappy 1.1.2"
| #define PACKAGE_BUGREPORT ""
| #define PACKAGE_URL ""
| #define PACKAGE "snappy"
| #define VERSION "1.1.2"
| #define STDC_HEADERS 1
| #define HAVE_SYS_TYPES_H 1
| #define HAVE_SYS_STAT_H 1
| #define HAVE_STDLIB_H 1
| #define HAVE_STRING_H 1
| #define HAVE_MEMORY_H 1
| #define HAVE_STRINGS_H 1
| #define HAVE_INTTYPES_H 1
| #define HAVE_STDINT_H 1
| #define HAVE_UNISTD_H 1
| #define HAVE_DLFCN_H 1
| #define LT_OBJDIR ".libs/"
| #define HAVE_STDINT_H 1
| #define HAVE_STDDEF_H 1
| #define HAVE_SYS_MMAN_H 1
| #define HAVE_SYS_RESOURCE_H 1
| #define HAVE_BYTESWAP_H 1
| #define HAVE_SYS_TIME_H 1
| #define HAVE_BUILTIN_EXPECT 1
| #define HAVE_BUILTIN_CTZ 1
| #define HAVE_LIBZ 1
| /* end confdefs.h.  */
| 
| /* Override any GCC internal prototype to avoid an error.
|    Use char because int might match the return type of a GCC
|    builtin and then its argument prototype would still apply.  */
| #ifdef __cplusplus
| extern "C"
| #endif
| char lzf_compress ();
| int
| main ()
| {
| return lzf_compress ();
|   ;
|   return 0;
| }
configure:16078: result: no
configure:16096: checking for fastlz_compress in -lfastlz
configure:16121: g++ -o conftest -g -O2   conftest.cpp -lfastlz   >&5
/usr/bin/ld: cannot find -lfastlz
collect2: error: ld returned 1 exit status
configure:16121: $? = 1
configure: failed program was:
| /* confdefs.h */
| #define PACKAGE_NAME "snappy"
| #define PACKAGE_TARNAME "snappy"
| #define PACKAGE_VERSION "1.1.2"
| #define PACKAGE_STRING "snappy 1.1.2"
| #define PACKAGE_BUGREPORT ""
| #define PACKAGE_URL ""
| #define PACKAGE "snappy"
| #define VERSION "1.1.2"
| #define STDC_HEADERS 1
| #define HAVE_SYS_TYPES_H 1
| #define HAVE_SYS_STAT_H 1
| #define HAVE_STDLIB_H 1
| #define HAVE_STRING_H 1
| #define HAVE_MEMORY_H 1
| #define HAVE_STRINGS_H 1
| #define HAVE_INTTYPES_H 1
| #define HAVE_STDINT_H 1
| #define HAVE_UNISTD_H 1
| #define HAVE_DLFCN_H 1
| #define LT_OBJDIR ".libs/"
| #define HAVE_STDINT_H 1
| #define HAVE_STDDEF_H 1
| #define HAVE_SYS_MMAN_H 1
| #define HAVE_SYS_RESOURCE_H 1
| #define HAVE_BYTESWAP_H 1
| #define HAVE_SYS_TIME_H 1
| #define HAVE_BUILTIN_EXPECT 1
| #define HAVE_BUILTIN_CTZ 1
| #define HAVE_LIBZ 1
| /* end confdefs.h.  */
| 
| /* Override any GCC internal prototype to avoid an error.
|    Use char because int might match the return type of a GCC
|    builtin and then its argument prototype would still apply.  */
| #ifdef __cplusplus
| extern "C"
| #endif
| char fastlz_compress ();
| int
| main ()
| {
| return fastlz_compress ();
|   ;
|   return 0;
| }
configure:16130: result: no
configure:16148: checking for qlz_compress in -lquicklz
configure:16173: g++ -o conftest -g -O2   conftest.cpp -lquicklz   >&5
/usr/bin/ld: cannot find -lquicklz
collect2: error: ld returned 1 exit status
configure:16173: $? = 1
configure: failed program was:
| /* confdefs.h */
| #define PACKAGE_NAME "snappy"
| #define PACKAGE_TARNAME "snappy"
| #define PACKAGE_VERSION "1.1.2"
| #define PACKAGE_STRING "snappy 1.1.2"
| #define PACKAGE_BUGREPORT ""
| #define PACKAGE_URL ""
| #define PACKAGE "snappy"
| #define VERSION "1.1.2"
| #define STDC_HEADERS 1
| #define HAVE_SYS_TYPES_H 1
| #define HAVE_SYS_STAT_H 1
| #define HAVE_STDLIB_H 1
| #define HAVE_STRING_H 1
| #define HAVE_MEMORY_H 1
| #define HAVE_STRINGS_H 1
| #define HAVE_INTTYPES_H 1
| #define HAVE_STDINT_H 1
| #define HAVE_UNISTD_H 1
| #define HAVE_DLFCN_H 1
| #define LT_OBJDIR ".libs/"
| #define HAVE_STDINT_H 1
| #define HAVE_STDDEF_H 1
| #define HAVE_SYS_MMAN_H 1
| #define HAVE_SYS_RESOURCE_H 1
| #define HAVE_BYTESWAP_H 1
| #define HAVE_SYS_TIME_H 1
| #define HAVE_BUILTIN_EXPECT 1
| #define HAVE_BUILTIN_CTZ 1
| #define HAVE_LIBZ 1
| /* end confdefs.h.  */
| 
| /* Override any GCC internal prototype to avoid an error.
|    Use char because int might match the return type of a GCC
|    builtin and then its argument prototype would still apply.  */
| #ifdef __cplusplus
| extern "C"
| #endif
| char qlz_compress ();
| int
| main ()
| {
| return qlz_compress ();
|   ;
|   return 0;
| }
configure:16182: result: no
configure:16377: creating ./config.status

## ---------------- ##
## Cache variables. ##
## ---------------- ##

ac_cv_build=x86_64-unknown-linux-gnu
ac_cv_c_bigendian=no
ac_cv_c_compiler_gnu=yes
ac_cv_cxx_compiler_gnu=yes
ac_cv_env_CCC_set=
ac_cv_env_CCC_value=
ac_cv_env_CC_set=
ac_cv_env_CC_value=
ac_cv_env_CFLAGS_set=
ac_cv_env_CFLAGS_value=
ac_cv_env_CPPFLAGS_set=
ac_cv_env_CPPFLAGS_value=
ac_cv_env_CPP_set=
ac_cv_env_CPP_value=
ac_cv_env_CXXCPP_set=
ac_cv_env_CXXCPP_value=
ac_cv_env_CXXFLAGS_set=
ac_cv_env_CXXFLAGS_value=
ac_cv_env_CXX_set=
ac_cv_env_CXX_value=
ac_cv_env_GTEST_CONFIG_set=
ac_cv_env_GTEST_CONFIG_value=
ac_cv_env_GTEST_CPPFLAGS_set=
ac_cv_env_GTEST_CPPFLAGS_value=
ac_cv_env_GTEST_CXXFLAGS_set=
ac_cv_env_GTEST_CXXFLAGS_value=
ac_cv_env_GTEST_LDFLAGS_set=
ac_cv_env_GTEST_LDFLAGS_value=
ac_cv_env_GTEST_LIBS_set=
ac_cv_env_GTEST_LIBS_value=
ac_cv_env_GTEST_VERSION_set=
ac_cv_env_GTEST_VERSION_value=
ac_cv_env_LDFLAGS_set=
ac_cv_env_LDFLAGS_value=
ac_cv_env_LIBS_set=
ac_cv_env_LIBS_value=
ac_cv_env_PKG_CONFIG_LIBDIR_set=
ac_cv_env_PKG_CONFIG_LIBDIR_value=
ac_cv_env_PKG_CONFIG_PATH_set=
ac_cv_env_PKG_CONFIG_PATH_value=
ac_cv_env_PKG_CONFIG_set=
ac_cv_env_PKG_CONFIG_value=
ac_cv_env_build_alias_set=
ac_cv_env_build_alias_value=
ac_cv_env_gflags_CFLAGS_set=
ac_cv_env_gflags_CFLAGS_value=
ac_cv_env_gflags_LIBS_set=
ac_cv_env_gflags_LIBS_value=
ac_cv_env_host_alias_set=
ac_cv_env_host_alias_value=
ac_cv_env_target_alias_set=
ac_cv_env_target_alias_value=
ac_cv_func_mmap=yes
ac_cv_have_stddef_h=1
ac_cv_have_stdint_h=1
ac_cv_have_sys_uio_h=0
ac_cv_header_byteswap_h=yes
ac_cv_header_dlfcn_h=yes
ac_cv_header_inttypes_h=yes
ac_cv_header_memory_h=yes
ac_cv_header_stdc=yes
ac_cv_header_stddef_h=yes
ac_cv_header_stdint_h=yes
ac_cv_header_stdlib_h=yes
ac_cv_header_string_h=yes
ac_cv_header_strings_h=yes
ac_cv_header_sys_byteswap_h=no
ac_cv_header_sys_endian_h=no
ac_cv_header_sys_mman_h=yes
ac_cv_header_sys_resource_h=yes
ac_cv_header_sys_stat_h=yes
ac_cv_header_sys_time_h=yes
ac_cv_header_sys_types_h=yes
ac_cv_header_unistd_h=yes
ac_cv_header_windows_h=no
ac_cv_host=x86_64-unknown-linux-gnu
ac_cv_lib_fastlz_fastlz_compress=no
ac_cv_lib_lzf_lzf_compress=no
ac_cv_lib_lzo2_lzo1x_1_15_compress=no
ac_cv_lib_quicklz_qlz_compress=no
ac_cv_lib_z_zlibVersion=yes
ac_cv_objext=o
ac_cv_path_EGREP='/bin/grep -E'
ac_cv_path_FGREP='/bin/grep -F'
ac_cv_path_GREP=/bin/grep
ac_cv_path_SED=/bin/sed
ac_cv_path_ac_pt_PKG_CONFIG=/usr/bin/pkg-config
ac_cv_path_install='/usr/bin/install -c'
ac_cv_path_mkdir=/bin/mkdir
ac_cv_prog_AWK=gawk
ac_cv_prog_CPP='gcc -E'
ac_cv_prog_CXXCPP='g++ -E'
ac_cv_prog_ac_ct_AR=ar
ac_cv_prog_ac_ct_CC=gcc
ac_cv_prog_ac_ct_CXX=g++
ac_cv_prog_ac_ct_MANIFEST_TOOL=mt
ac_cv_prog_ac_ct_OBJDUMP=objdump
ac_cv_prog_ac_ct_RANLIB=ranlib
ac_cv_prog_ac_ct_STRIP=strip
ac_cv_prog_cc_c89=
ac_cv_prog_cc_g=yes
ac_cv_prog_cxx_g=yes
ac_cv_prog_make_make_set=yes
ac_cv_type_size_t=yes
ac_cv_type_ssize_t=yes
am_cv_CC_dependencies_compiler_type=gcc3
am_cv_CXX_dependencies_compiler_type=gcc3
lt_cv_ar_at_file=@
lt_cv_archive_cmds_need_lc=no
lt_cv_deplibs_check_method=pass_all
lt_cv_file_magic_cmd='$MAGIC_CMD'
lt_cv_file_magic_test_file=
lt_cv_ld_reload_flag=-r
lt_cv_nm_interface='BSD nm'
lt_cv_objdir=.libs
lt_cv_path_LD=/usr/bin/ld
lt_cv_path_LDCXX='/usr/bin/ld -m elf_x86_64'
lt_cv_path_NM='/usr/bin/nm -B'
lt_cv_path_mainfest_tool=no
lt_cv_prog_compiler_c_o=yes
lt_cv_prog_compiler_c_o_CXX=yes
lt_cv_prog_compiler_pic='-fPIC -DPIC'
lt_cv_prog_compiler_pic_CXX='-fPIC -DPIC'
lt_cv_prog_compiler_pic_works=yes
lt_cv_prog_compiler_pic_works_CXX=yes
lt_cv_prog_compiler_rtti_exceptions=no
lt_cv_prog_compiler_static_works=yes
lt_cv_prog_compiler_static_works_CXX=yes
lt_cv_prog_gnu_ld=yes
lt_cv_prog_gnu_ldcxx=yes
lt_cv_sharedlib_from_linklib_cmd='printf %s\n'
lt_cv_shlibpath_overrides_runpath=no
lt_cv_sys_global_symbol_pipe='sed -n -e '\''s/^.*[	 ]\([ABCDGIRSTW][ABCDGIRSTW]*\)[	 ][	 ]*\([_A-Za-z][_A-Za-z0-9]*\)$/\1 \2 \2/p'\'' | sed '\''/ __gnu_lto/d'\'''
lt_cv_sys_global_symbol_to_c_name_address='sed -n -e '\''s/^: \([^ ]*\)[ ]*$/  {\"\1\", (void *) 0},/p'\'' -e '\''s/^[ABCDGIRSTW]* \([^ ]*\) \([^ ]*\)$/  {"\2", (void *) \&\2},/p'\'''
lt_cv_sys_global_symbol_to_c_name_address_lib_prefix='sed -n -e '\''s/^: \([^ ]*\)[ ]*$/  {\"\1\", (void *) 0},/p'\'' -e '\''s/^[ABCDGIRSTW]* \([^ ]*\) \(lib[^ ]*\)$/  {"\2", (void *) \&\2},/p'\'' -e '\''s/^[ABCDGIRSTW]* \([^ ]*\) \([^ ]*\)$/  {"lib\2", (void *) \&\2},/p'\'''
lt_cv_sys_global_symbol_to_cdecl='sed -n -e '\''s/^T .* \(.*\)$/extern int \1();/p'\'' -e '\''s/^[ABCDGIRSTW]* .* \(.*\)$/extern char \1;/p'\'''
lt_cv_sys_max_cmd_len=1572864
lt_cv_to_host_file_cmd=func_convert_file_noop
lt_cv_to_tool_file_cmd=func_convert_file_noop

## ----------------- ##
## Output variables. ##
## ----------------- ##

ACLOCAL='${SHELL} /home/scho29/Downloads/Project/snappy-1.1.2/missing --run aclocal-1.11'
AMDEPBACKSLASH='\'
AMDEP_FALSE='#'
AMDEP_TRUE=''
AMTAR='$${TAR-tar}'
AR='ar'
AUTOCONF='${SHELL} /home/scho29/Downloads/Project/snappy-1.1.2/missing --run autoconf'
AUTOHEADER='${SHELL} /home/scho29/Downloads/Project/snappy-1.1.2/missing --run autoheader'
AUTOMAKE='${SHELL} /home/scho29/Downloads/Project/snappy-1.1.2/missing --run automake-1.11'
AWK='gawk'
CC='gcc'
CCDEPMODE='depmode=gcc3'
CFLAGS='-g -O2'
CPP='gcc -E'
CPPFLAGS=''
CXX='g++'
CXXCPP='g++ -E'
CXXDEPMODE='depmode=gcc3'
CXXFLAGS='-g -O2'
CYGPATH_W='echo'
DEFS='-DHAVE_CONFIG_H'
DEPDIR='.deps'
DLLTOOL='false'
DSYMUTIL=''
DUMPBIN=''
ECHO_C=''
ECHO_N='-n'
ECHO_T=''
EGREP='/bin/grep -E'
EXEEXT=''
FGREP='/bin/grep -F'
GREP='/bin/grep'
GTEST_CONFIG=''
GTEST_CPPFLAGS=''
GTEST_CXXFLAGS=''
GTEST_LDFLAGS=''
GTEST_LIBS=''
GTEST_VERSION=''
HAVE_GTEST='no'
HAVE_GTEST_FALSE=''
HAVE_GTEST_TRUE='#'
INSTALL_DATA='${INSTALL} -m 644'
INSTALL_PROGRAM='${INSTALL}'
INSTALL_SCRIPT='${INSTALL}'
INSTALL_STRIP_PROGRAM='$(install_sh) -c -s'
LD='/usr/bin/ld -m elf_x86_64'
LDFLAGS=''
LIBOBJS=''
LIBS=''
LIBTOOL='$(SHELL) $(top_builddir)/libtool'
LIBTOOL_DEPS='./ltmain.sh'
LIPO=''
LN_S='ln -s'
LTLIBOBJS=''
MAKEINFO='${SHELL} /home/scho29/Downloads/Project/snappy-1.1.2/missing --run makeinfo'
MANIFEST_TOOL=':'
MKDIR_P='/bin/mkdir -p'
NM='/usr/bin/nm -B'
NMEDIT=''
OBJDUMP='objdump'
OBJEXT='o'
OTOOL64=''
OTOOL=''
PACKAGE='snappy'
PACKAGE_BUGREPORT=''
PACKAGE_NAME='snappy'
PACKAGE_STRING='snappy 1.1.2'
PACKAGE_TARNAME='snappy'
PACKAGE_URL=''
PACKAGE_VERSION='1.1.2'
PATH_SEPARATOR=':'
PKG_CONFIG='/usr/bin/pkg-config'
PKG_CONFIG_LIBDIR=''
PKG_CONFIG_PATH=''
RANLIB='ranlib'
SED='/bin/sed'
SET_MAKE=''
SHELL='/bin/bash'
SNAPPY_LTVERSION='3:1:2'
SNAPPY_MAJOR='1'
SNAPPY_MINOR='1'
SNAPPY_PATCHLEVEL='2'
STRIP='strip'
UNITTEST_LIBS='-lz '
VERSION='1.1.2'
ac_ct_AR='ar'
ac_ct_CC='gcc'
ac_ct_CXX='g++'
ac_ct_DUMPBIN=''
ac_cv_have_stddef_h='1'
ac_cv_have_stdint_h='1'
ac_cv_have_sys_uio_h='0'
am__EXEEXT_FALSE=''
am__EXEEXT_TRUE='#'
am__fastdepCC_FALSE='#'
am__fastdepCC_TRUE=''
am__fastdepCXX_FALSE='#'
am__fastdepCXX_TRUE=''
am__include='include'
am__isrc=''
am__leading_dot='.'
am__nodep='_no'
am__quote=''
am__tar='$${TAR-tar} chof - "$$tardir"'
am__untar='$${TAR-tar} xf -'
bindir='${exec_prefix}/bin'
build='x86_64-unknown-linux-gnu'
build_alias=''
build_cpu='x86_64'
build_os='linux-gnu'
build_vendor='unknown'
datadir='${datarootdir}'
datarootdir='${prefix}/share'
docdir='${datarootdir}/doc/${PACKAGE_TARNAME}'
dvidir='${docdir}'
exec_prefix='${prefix}'
gflags_CFLAGS=''
gflags_LIBS=''
host='x86_64-unknown-linux-gnu'
host_alias=''
host_cpu='x86_64'
host_os='linux-gnu'
host_vendor='unknown'
htmldir='${docdir}'
includedir='${prefix}/include'
infodir='${datarootdir}/info'
install_sh='${SHELL} /home/scho29/Downloads/Project/snappy-1.1.2/install-sh'
libdir='${exec_prefix}/lib'
libexecdir='${exec_prefix}/libexec'
localedir='${datarootdir}/locale'
localstatedir='${prefix}/var'
mandir='${datarootdir}/man'
mkdir_p='/bin/mkdir -p'
oldincludedir='/usr/include'
pdfdir='${docdir}'
prefix='/usr/local'
program_transform_name='s,x,x,'
psdir='${docdir}'
runstatedir='${localstatedir}/run'
sbindir='${exec_prefix}/sbin'
sharedstatedir='${prefix}/com'
sysconfdir='${prefix}/etc'
target_alias=''

## ----------- ##
## confdefs.h. ##
## ----------- ##

/* confdefs.h */
#define PACKAGE_NAME "snappy"
#define PACKAGE_TARNAME "snappy"
#define PACKAGE_VERSION "1.1.2"
#define PACKAGE_STRING "snappy 1.1.2"
#define PACKAGE_BUGREPORT ""
#define PACKAGE_URL ""
#define PACKAGE "snappy"
#define VERSION "1.1.2"
#define STDC_HEADERS 1
#define HAVE_SYS_TYPES_H 1
#define HAVE_SYS_STAT_H 1
#define HAVE_STDLIB_H 1
#define HAVE_STRING_H 1
#define HAVE_MEMORY_H 1
#define HAVE_STRINGS_H 1
#define HAVE_INTTYPES_H 1
#define HAVE_STDINT_H 1
#define HAVE_UNISTD_H 1
#define HAVE_DLFCN_H 1
#define LT_OBJDIR ".libs/"
#define HAVE_STDINT_H 1
#define HAVE_STDDEF_H 1
#define HAVE_SYS_MMAN_H 1
#define HAVE_SYS_RESOURCE_H 1
#define HAVE_BYTESWAP_H 1
#define HAVE_SYS_TIME_H 1
#define HAVE_BUILTIN_EXPECT 1
#define HAVE_BUILTIN_CTZ 1
#define HAVE_LIBZ 1

configure: exit 0

## ---------------------- ##
## Running config.status. ##
## ---------------------- ##

This file was extended by snappy config.status 1.1.2, which was
generated by GNU Autoconf 2.69.  Invocation command line was

  CONFIG_FILES    = 
  CONFIG_HEADERS  = 
  CONFIG_LINKS    = 
  CONFIG_COMMANDS = 
  $ ./config.status 

on antman

config.status:1173: creating Makefile
config.status:1173: creating snappy-stubs-public.h
config.status:1173: creating config.h
config.status:1354: config.h is unchanged
config.status:1402: executing depfiles commands
config.status:1402: executing libtool commands

## ---------------------- ##
## Running config.status. ##
## ---------------------- ##

This file was extended by snappy config.status 1.1.2, which was
generated by GNU Autoconf 2.69.  Invocation command line was

  CONFIG_FILES    = 
  CONFIG_HEADERS  = 
  CONFIG_LINKS    = 
  CONFIG_COMMANDS = 
  $ ./config.status config.h

on antman

config.status:1173: creating config.h
